2024-08-23 12:53:45 Loading main app package /usr/lib/obsidian/obsidian.asar
2024-08-23 12:53:46 Checking for update using Github
2024-08-23 12:53:47 Success.
2024-08-23 12:53:47 Latest version is 1.6.7
2024-08-23 12:53:47 App is up to date.
2024-08-23 12:53:54 Loading main app package /usr/lib/obsidian/obsidian.asar
2024-08-23 12:53:55 Checking for update using Github
2024-08-23 12:53:55 Success.
2024-08-23 12:53:55 Latest version is 1.6.7
2024-08-23 12:53:55 App is up to date.
2024-08-23 12:56:06 Loading main app package /usr/lib/obsidian/obsidian.asar
2024-08-23 12:56:06 Checking for update using Github
2024-08-23 12:56:06 Success.
2024-08-23 12:56:06 Latest version is 1.6.7
2024-08-23 12:56:06 App is up to date.
2024-08-23 12:56:08 Loading main app package /usr/lib/obsidian/obsidian.asar
2024-08-23 12:56:08 Checking for update using Github
2024-08-23 13:03:34 Loading main app package /usr/lib/obsidian/obsidian.asar
2024-08-23 13:03:34 Checking for update using Github
2024-08-23 23:20:15 Loading main app package /usr/lib/obsidian/obsidian.asar
2024-08-23 23:20:18 Checking for update using Github
2024-08-23 23:20:19 Success.
2024-08-23 23:20:19 Latest version is 1.6.7
2024-08-23 23:20:19 App is up to date.
2024-08-24 00:20:15 Checking for update using Github
2024-08-24 00:20:15 Success.
2024-08-24 00:20:15 Latest version is 1.6.7
2024-08-24 00:20:15 App is up to date.
2024-08-24 01:20:15 Checking for update using Github
2024-08-24 01:20:16 Success.
2024-08-24 01:20:16 Latest version is 1.6.7
2024-08-24 01:20:16 App is up to date.
2024-08-26 01:47:58 Loading main app package /usr/lib/obsidian/obsidian.asar
2024-08-26 01:48:00 Checking for update using Github
2024-08-26 01:48:01 Success.
2024-08-26 01:48:01 Latest version is 1.6.7
2024-08-26 01:48:01 App is up to date.
2024-08-26 21:25:48 Checking for update using Github
2024-08-26 21:25:48 Success.
2024-08-26 21:25:48 Latest version is 1.6.7
2024-08-26 21:25:48 App is up to date.
2024-08-26 22:09:04 Loading main app package /usr/lib/obsidian/obsidian.asar
2024-08-26 22:09:04 Checking for update using Github
2024-08-26 22:25:48 Checking for update using Github
2024-08-26 22:25:48 Success.
2024-08-26 22:25:48 Latest version is 1.6.7
2024-08-26 22:25:48 App is up to date.
2024-08-26 23:25:48 Checking for update using Github
2024-08-26 23:25:48 Success.
2024-08-26 23:25:48 Latest version is 1.6.7
2024-08-26 23:25:48 App is up to date.
2024-08-27 00:39:06 Loading main app package /usr/lib/obsidian/obsidian.asar
2024-08-27 00:39:06 Checking for update using Github
2024-08-27 00:39:07 Success.
2024-08-27 00:39:07 Latest version is 1.6.7
2024-08-27 00:39:07 App is up to date.
2024-08-30 21:04:54 Loading main app package /usr/lib/obsidian/obsidian.asar
2024-08-30 21:04:58 Checking for update using Github
2024-08-30 21:04:59 Success.
2024-08-30 21:04:59 Latest version is 1.6.7
2024-08-30 21:04:59 App is up to date.
